0 info it worked if it ends with ok
1 verbose cli [ 'C:\\Program Files\\nodejs\\node.exe',
1 verbose cli   'C:\\Program Files\\nodejs\\node_modules\\npm\\bin\\npm-cli.js',
1 verbose cli   'install',
1 verbose cli   '--save',
1 verbose cli   'angular-ui-bootstrap' ]
2 info using npm@3.10.10
3 info using node@v6.11.1
4 silly loadCurrentTree Starting
5 silly install loadCurrentTree
6 silly install readLocalPackageData
7 silly fetchPackageMetaData angular-ui-bootstrap
8 silly fetchNamedPackageData angular-ui-bootstrap
9 silly mapToRegistry name angular-ui-bootstrap
10 silly mapToRegistry using default registry
11 silly mapToRegistry registry https://registry.npmjs.org/
12 silly mapToRegistry data Result {
12 silly mapToRegistry   raw: 'angular-ui-bootstrap',
12 silly mapToRegistry   scope: null,
12 silly mapToRegistry   escapedName: 'angular-ui-bootstrap',
12 silly mapToRegistry   name: 'angular-ui-bootstrap',
12 silly mapToRegistry   rawSpec: '',
12 silly mapToRegistry   spec: 'latest',
12 silly mapToRegistry   type: 'tag' }
13 silly mapToRegistry uri https://registry.npmjs.org/angular-ui-bootstrap
14 verbose request uri https://registry.npmjs.org/angular-ui-bootstrap
15 verbose request no auth needed
16 info attempt registry request try #1 at 4:42:20 PM
17 verbose request id bd642f97d77d0a7b
18 verbose etag W/"59991c0f-14249"
19 verbose lastModified Sun, 20 Aug 2017 05:20:15 GMT
20 http request GET https://registry.npmjs.org/angular-ui-bootstrap
21 http 200 https://registry.npmjs.org/angular-ui-bootstrap
22 verbose headers { server: 'nginx/1.10.3',
22 verbose headers   'content-type': 'application/json',
22 verbose headers   'last-modified': 'Sat, 14 Oct 2017 17:33:38 GMT',
22 verbose headers   etag: 'W/"59e24a72-16703"',
22 verbose headers   'content-encoding': 'gzip',
22 verbose headers   'cache-control': 'max-age=300',
22 verbose headers   'content-length': '10562',
22 verbose headers   'accept-ranges': 'bytes',
22 verbose headers   date: 'Tue, 14 Nov 2017 08:42:21 GMT',
22 verbose headers   via: '1.1 varnish',
22 verbose headers   age: '95',
22 verbose headers   connection: 'keep-alive',
22 verbose headers   'x-served-by': 'cache-hkg17926-HKG',
22 verbose headers   'x-cache': 'HIT',
22 verbose headers   'x-cache-hits': '1',
22 verbose headers   'x-timer': 'S1510648942.932949,VS0,VE0',
22 verbose headers   vary: 'Accept-Encoding, Accept' }
23 silly get cb [ 200,
23 silly get   { server: 'nginx/1.10.3',
23 silly get     'content-type': 'application/json',
23 silly get     'last-modified': 'Sat, 14 Oct 2017 17:33:38 GMT',
23 silly get     etag: 'W/"59e24a72-16703"',
23 silly get     'content-encoding': 'gzip',
23 silly get     'cache-control': 'max-age=300',
23 silly get     'content-length': '10562',
23 silly get     'accept-ranges': 'bytes',
23 silly get     date: 'Tue, 14 Nov 2017 08:42:21 GMT',
23 silly get     via: '1.1 varnish',
23 silly get     age: '95',
23 silly get     connection: 'keep-alive',
23 silly get     'x-served-by': 'cache-hkg17926-HKG',
23 silly get     'x-cache': 'HIT',
23 silly get     'x-cache-hits': '1',
23 silly get     'x-timer': 'S1510648942.932949,VS0,VE0',
23 silly get     vary: 'Accept-Encoding, Accept' } ]
24 verbose get saving angular-ui-bootstrap to C:\Users\DEVPARTNER SOFTWARE\AppData\Roaming\npm-cache\registry.npmjs.org\angular-ui-bootstrap\.cache.json
25 verbose correctMkdir C:\Users\DEVPARTNER SOFTWARE\AppData\Roaming\npm-cache correctMkdir not in flight; initializing
26 silly install normalizeTree
27 silly loadCurrentTree Finishing
28 silly loadIdealTree Starting
29 silly install loadIdealTree
30 silly cloneCurrentTree Starting
31 silly install cloneCurrentTreeToIdealTree
32 silly cloneCurrentTree Finishing
33 silly loadShrinkwrap Starting
34 silly install loadShrinkwrap
35 silly loadShrinkwrap Finishing
36 silly loadAllDepsIntoIdealTree Starting
37 silly install loadAllDepsIntoIdealTree
38 silly resolveWithNewModule angular-ui-bootstrap@2.5.6 checking installable status
39 silly cache add args [ 'angular-ui-bootstrap', null ]
40 verbose cache add spec angular-ui-bootstrap
41 silly cache add parsed spec Result {
41 silly cache add   raw: 'angular-ui-bootstrap',
41 silly cache add   scope: null,
41 silly cache add   escapedName: 'angular-ui-bootstrap',
41 silly cache add   name: 'angular-ui-bootstrap',
41 silly cache add   rawSpec: '',
41 silly cache add   spec: 'latest',
41 silly cache add   type: 'tag' }
42 silly addNamed angular-ui-bootstrap@latest
43 verbose addNamed "latest" is being treated as a dist-tag for angular-ui-bootstrap
44 info addNameTag [ 'angular-ui-bootstrap', 'latest' ]
45 silly mapToRegistry name angular-ui-bootstrap
46 silly mapToRegistry using default registry
47 silly mapToRegistry registry https://registry.npmjs.org/
48 silly mapToRegistry data Result {
48 silly mapToRegistry   raw: 'angular-ui-bootstrap',
48 silly mapToRegistry   scope: null,
48 silly mapToRegistry   escapedName: 'angular-ui-bootstrap',
48 silly mapToRegistry   name: 'angular-ui-bootstrap',
48 silly mapToRegistry   rawSpec: '',
48 silly mapToRegistry   spec: 'latest',
48 silly mapToRegistry   type: 'tag' }
49 silly mapToRegistry uri https://registry.npmjs.org/angular-ui-bootstrap
50 verbose addNameTag registry:https://registry.npmjs.org/angular-ui-bootstrap not in flight; fetching
51 verbose get https://registry.npmjs.org/angular-ui-bootstrap not expired, no request
52 silly addNameTag next cb for angular-ui-bootstrap with tag latest
53 silly addNamed angular-ui-bootstrap@2.5.6
54 verbose addNamed "2.5.6" is a plain semver version for angular-ui-bootstrap
55 silly mapToRegistry name angular-ui-bootstrap
56 silly mapToRegistry using default registry
57 silly mapToRegistry registry https://registry.npmjs.org/
58 silly mapToRegistry data Result {
58 silly mapToRegistry   raw: 'angular-ui-bootstrap',
58 silly mapToRegistry   scope: null,
58 silly mapToRegistry   escapedName: 'angular-ui-bootstrap',
58 silly mapToRegistry   name: 'angular-ui-bootstrap',
58 silly mapToRegistry   rawSpec: '',
58 silly mapToRegistry   spec: 'latest',
58 silly mapToRegistry   type: 'tag' }
59 silly mapToRegistry uri https://registry.npmjs.org/angular-ui-bootstrap
60 verbose addRemoteTarball https://registry.npmjs.org/angular-ui-bootstrap/-/angular-ui-bootstrap-2.5.6.tgz not in flight; adding
61 verbose addRemoteTarball [ 'https://registry.npmjs.org/angular-ui-bootstrap/-/angular-ui-bootstrap-2.5.6.tgz',
61 verbose addRemoteTarball   '23937322ec641a6fbee16498cc32452aa199e7c5' ]
62 info retry fetch attempt 1 at 4:42:20 PM
63 info attempt registry request try #1 at 4:42:20 PM
64 http fetch GET https://registry.npmjs.org/angular-ui-bootstrap/-/angular-ui-bootstrap-2.5.6.tgz
65 http fetch 200 https://registry.npmjs.org/angular-ui-bootstrap/-/angular-ui-bootstrap-2.5.6.tgz
66 warn retry will retry, error on last attempt: Error: EBUSY: resource busy or locked, rename 'C:\Users\DEVPAR~1\AppData\Local\Temp\npm-9076-9d98951d\registry.npmjs.org\angular-ui-bootstrap\-\angular-ui-bootstrap-2.5.6.tgz.3576504033' -> 'C:\Users\DEVPAR~1\AppData\Local\Temp\npm-9076-9d98951d\registry.npmjs.org\angular-ui-bootstrap\-\angular-ui-bootstrap-2.5.6.tgz'
67 verbose stack TypeError: tarball.destroy is not a function
67 verbose stack     at WriteStreamAtomic.<anonymous> (C:\Program Files\nodejs\node_modules\npm\lib\cache\add-remote-tarball.js:97:15)
67 verbose stack     at emitOne (events.js:101:20)
67 verbose stack     at WriteStreamAtomic.emit (events.js:188:7)
67 verbose stack     at WriteStreamAtomic.emit (C:\Program Files\nodejs\node_modules\npm\node_modules\fs-write-stream-atomic\index.js:60:34)
67 verbose stack     at C:\Program Files\nodejs\node_modules\npm\node_modules\fs-write-stream-atomic\index.js:89:19
67 verbose stack     at FSReqWrap.oncomplete (fs.js:123:15)
68 verbose cwd C:\xampp\htdocs\seriousdatings
69 error Windows_NT 10.0.15063
70 error argv "C:\\Program Files\\nodejs\\node.exe" "C:\\Program Files\\nodejs\\node_modules\\npm\\bin\\npm-cli.js" "install" "--save" "angular-ui-bootstrap"
71 error node v6.11.1
72 error npm  v3.10.10
73 error tarball.destroy is not a function
74 error If you need help, you may report this error at:
74 error     <https://github.com/npm/npm/issues>
75 verbose exit [ 1, true ]
